Arguments: 
  /usr/bin/node /usr/local/bin/yarn install

PATH: 
  /usr/local/sbin:/usr/local/bin:/usr/sbin:/usr/bin:/sbin:/bin:/usr/games:/usr/local/games:/snap/bin

Yarn version: 
  1.22.10

Node version: 
  10.19.0

Platform: 
  linux x64

Trace: 
  SyntaxError: /home/samuel/NodeJS/APIs/Project Leno/leno-api/package.json: Unexpected token } in JSON at position 1725
      at JSON.parse (<anonymous>)
      at /usr/local/lib/node_modules/yarn/lib/cli.js:1625:59
      at Generator.next (<anonymous>)
      at step (/usr/local/lib/node_modules/yarn/lib/cli.js:310:30)
      at /usr/local/lib/node_modules/yarn/lib/cli.js:321:13

npm manifest: 
  {
    "name": "leno-api",
    "version": "0.0.0",
    "description": "Leno app API",
    "main": "app.js",
    "scripts": {
      "start": "node ./dist/server.js",
      "postinstall": "tsc",
      "watch-node": "nodemon dist/index.js",
      "watch-ts": "tsc -w",
      "build": "tsc",
      "dev": "npm run build && ts-node-dev --respawn --transpile-only ./src/server.ts",
      "test": "echo \"Error: no test specified\" && exit 1",
      "lint": "eslint . --ext .ts"
    },
    "author": "Samuel Shoyemi",
    "license": "MIT",
    "engines": {
      "node": "12.16.3"
    },
    "dependencies": {
      "bcrypt": "^5.0.1",
      "class-validator": "^0.13.1",
      "compression": "^1.7.4",
      "cookie-parser": "^1.4.5",
      "cors": "^2.8.5",
      "dotenv": "^8.2.0",
      "helmet": "^4.4.1",
      "hpp": "^0.2.3",
      "http-status": "^1.5.0",
      "jsonwebtoken": "^8.5.1",
      "morgan": "^1.10.0",
      "mysql": "^2.14.1",
      "nodemon": "^2.0.7",
      "pg": "^8.5.1",
      "reflect-metadata": "^0.1.10",
      "tedis": "^0.1.12",
      "ts-node": "^9.1.1",
      "tsconfig-paths": "^3.9.0",
      "typeorm": "0.2.31",
      "typescript": "^4.2.3",
      "winston": "^3.3.3"
    },
    "devDependencies": {
      "@types/bcrypt": "^3.0.0",
      "@types/compression": "^1.7.0",
      "@types/cookie-parser": "^1.4.2",
      "@types/cors": "^2.8.10",
      "@types/dotenv": "^8.2.0",
      "@types/express": "^4.17.11",
      "@types/helmet": "^4.0.0",
      "@types/hpp": "^0.2.1",
      "@types/jsonwebtoken": "^8.5.1",
      "@types/morgan": "^1.9.2",
      "@types/node": "^8.0.29",
      "@typescript-eslint/eslint-plugin": "^4.19.0",
      "@typescript-eslint/parser": "^4.19.0",
      "eslint": "^7.23.0",
      "find": "^0.3.0",
      "fs-extra": "^9.1.0",
      "ts-node": "3.3.0",
      "ts-node-dev": "^1.1.6",
    }
  }

yarn manifest: 
  No manifest

Lockfile: 
  No lockfile
